  Mysql.cpp
Mysql.cpp(40): warning C4474: 'sprintf_s' : too many arguments passed for format string
  Mysql.cpp(40): note: placeholders and their parameters expect 1 variadic arguments, but 2 were provided
Mysql.cpp(56): warning C4474: 'sprintf_s' : too many arguments passed for format string
  Mysql.cpp(56): note: placeholders and their parameters expect 1 variadic arguments, but 2 were provided
  ServerMain.cpp
  Sock.cpp
Sock.cpp(93): warning C4996: 'inet_ntoa': Use inet_ntop() or InetNtop() instead or define _WINSOCK_DEPRECATED_NO_WARNINGS to disable deprecated API warnings
  C:\Program Files (x86)\Windows Kits\8.1\Include\um\WinSock2.h(1868): note: see declaration of 'inet_ntoa'
Sock.cpp(251): warning C4996: 'strtok': This function or variable may be unsafe. Consider using strtok_s instead. To disable deprecation, use _CRT_SECURE_NO_WARNINGS. See online help for details.
  C:\Program Files (x86)\Windows Kits\10\Include\10.0.10240.0\ucrt\string.h(453): note: see declaration of 'strtok'
Sock.cpp(266): warning C4996: 'strtok': This function or variable may be unsafe. Consider using strtok_s instead. To disable deprecation, use _CRT_SECURE_NO_WARNINGS. See online help for details.
  C:\Program Files (x86)\Windows Kits\10\Include\10.0.10240.0\ucrt\string.h(453): note: see declaration of 'strtok'
Sock.cpp(276): warning C4996: 'strtok': This function or variable may be unsafe. Consider using strtok_s instead. To disable deprecation, use _CRT_SECURE_NO_WARNINGS. See online help for details.
  C:\Program Files (x86)\Windows Kits\10\Include\10.0.10240.0\ucrt\string.h(453): note: see declaration of 'strtok'
Sock.cpp(288): warning C4996: 'strtok': This function or variable may be unsafe. Consider using strtok_s instead. To disable deprecation, use _CRT_SECURE_NO_WARNINGS. See online help for details.
  C:\Program Files (x86)\Windows Kits\10\Include\10.0.10240.0\ucrt\string.h(453): note: see declaration of 'strtok'
  Generating code
s:\kpu\3-winter\chattingapp_project\server\chattingserver ver 0.1\chattingserver ver 0.1\sock.cpp(168): warning C4715: 'Sock::RecvType': not all control paths return a value
  3 of 134 functions ( 2.2%) were compiled, the rest were copied from previous compilation.
    1 functions were new in current compilation
    9 functions had inline decision re-evaluated but remain unchanged
  Finished generating code
  ChattingServer Ver 0.1.vcxproj -> S:\KPU\3-Winter\ChattingApp_Project\Server\ChattingServer Ver 0.1\x64\Release\ChattingServer Ver 0.1.exe
  ChattingServer Ver 0.1.vcxproj -> S:\KPU\3-Winter\ChattingApp_Project\Server\ChattingServer Ver 0.1\x64\Release\ChattingServer Ver 0.1.pdb (Full PDB)
