  Mysql.cpp
c:\program files (x86)\microsoft visual studio 14.0\vc\atlmfc\include\afx.h(38): warning C4996: 'MBCS_Support_Deprecated_In_MFC': MBCS support in MFC is deprecated and may be removed in a future version of MFC.
  c:\program files (x86)\microsoft visual studio 14.0\vc\atlmfc\include\afx.h(33): note: see declaration of 'MBCS_Support_Deprecated_In_MFC'
s:\kpu\3-winter\chattingapp_project\server\chattingserver ver 0.2\chattingserver ver 0.2\mysql.cpp(54): warning C4474: 'sprintf_s' : too many arguments passed for format string
  s:\kpu\3-winter\chattingapp_project\server\chattingserver ver 0.2\chattingserver ver 0.2\mysql.cpp(54): note: placeholders and their parameters expect 1 variadic arguments, but 2 were provided
  ChattingServer Ver 0.2Dlg.cpp
c:\program files (x86)\microsoft visual studio 14.0\vc\atlmfc\include\afx.h(38): warning C4996: 'MBCS_Support_Deprecated_In_MFC': MBCS support in MFC is deprecated and may be removed in a future version of MFC.
  c:\program files (x86)\microsoft visual studio 14.0\vc\atlmfc\include\afx.h(33): note: see declaration of 'MBCS_Support_Deprecated_In_MFC'
s:\kpu\3-winter\chattingapp_project\server\chattingserver ver 0.2\chattingserver ver 0.2\chattingserver ver 0.2dlg.cpp(78): warning C4996: 'vsprintf': This function or variable may be unsafe. Consider using vsprintf_s instead. To disable deprecation, use _CRT_SECURE_NO_WARNINGS. See online help for details.
  c:\program files (x86)\windows kits\10\include\10.0.10240.0\ucrt\stdio.h(1465): note: see declaration of 'vsprintf'
s:\kpu\3-winter\chattingapp_project\server\chattingserver ver 0.2\chattingserver ver 0.2\chattingserver ver 0.2dlg.cpp(90): warning C4996: 'vsprintf': This function or variable may be unsafe. Consider using vsprintf_s instead. To disable deprecation, use _CRT_SECURE_NO_WARNINGS. See online help for details.
  c:\program files (x86)\windows kits\10\include\10.0.10240.0\ucrt\stdio.h(1465): note: see declaration of 'vsprintf'
  ChattingServer Ver 0.2.cpp
c:\program files (x86)\microsoft visual studio 14.0\vc\atlmfc\include\afx.h(38): warning C4996: 'MBCS_Support_Deprecated_In_MFC': MBCS support in MFC is deprecated and may be removed in a future version of MFC.
  c:\program files (x86)\microsoft visual studio 14.0\vc\atlmfc\include\afx.h(33): note: see declaration of 'MBCS_Support_Deprecated_In_MFC'
s:\kpu\3-winter\chattingapp_project\server\chattingserver ver 0.2\chattingserver ver 0.2\chattingserver ver 0.2.cpp(168): warning C4996: 'WSASocketA': Use WSASocketW() instead or define _WINSOCK_DEPRECATED_NO_WARNINGS to disable deprecated API warnings
  c:\program files (x86)\windows kits\8.1\include\um\winsock2.h(3457): note: see declaration of 'WSASocketA'
s:\kpu\3-winter\chattingapp_project\server\chattingserver ver 0.2\chattingserver ver 0.2\chattingserver ver 0.2.cpp(350): warning C4996: 'inet_ntoa': Use inet_ntop() or InetNtop() instead or define _WINSOCK_DEPRECATED_NO_WARNINGS to disable deprecated API warnings
  c:\program files (x86)\windows kits\8.1\include\um\winsock2.h(1868): note: see declaration of 'inet_ntoa'
s:\kpu\3-winter\chattingapp_project\server\chattingserver ver 0.2\chattingserver ver 0.2\chattingserver ver 0.2.cpp(401): warning C4996: 'inet_ntoa': Use inet_ntop() or InetNtop() instead or define _WINSOCK_DEPRECATED_NO_WARNINGS to disable deprecated API warnings
  c:\program files (x86)\windows kits\8.1\include\um\winsock2.h(1868): note: see declaration of 'inet_ntoa'
s:\kpu\3-winter\chattingapp_project\server\chattingserver ver 0.2\chattingserver ver 0.2\chattingserver ver 0.2.cpp(455): warning C4996: 'inet_ntoa': Use inet_ntop() or InetNtop() instead or define _WINSOCK_DEPRECATED_NO_WARNINGS to disable deprecated API warnings
  c:\program files (x86)\windows kits\8.1\include\um\winsock2.h(1868): note: see declaration of 'inet_ntoa'
s:\kpu\3-winter\chattingapp_project\server\chattingserver ver 0.2\chattingserver ver 0.2\chattingserver ver 0.2.cpp(459): warning C4996: 'inet_ntoa': Use inet_ntop() or InetNtop() instead or define _WINSOCK_DEPRECATED_NO_WARNINGS to disable deprecated API warnings
  c:\program files (x86)\windows kits\8.1\include\um\winsock2.h(1868): note: see declaration of 'inet_ntoa'
  Generating Code...
s:\kpu\3-winter\chattingapp_project\server\chattingserver ver 0.2\chattingserver ver 0.2\chattingserver ver 0.2.cpp(467): warning C4715: 'iocp::DivideUserInfo': not all control paths return a value
  ChattingServer Ver 0.2.vcxproj -> S:\KPU\3-Winter\ChattingApp_Project\Server\ChattingServer Ver 0.2\Debug\ChattingServer Ver 0.2.exe
  ChattingServer Ver 0.2.vcxproj -> S:\KPU\3-Winter\ChattingApp_Project\Server\ChattingServer Ver 0.2\Debug\ChattingServer Ver 0.2.pdb (Partial PDB)
